{"C:\\Users\\PC007\\Desktop\\dojo brunin 2\\testing\\calculadora\\js\\handlers.js": {"path":"C:\\Users\\PC007\\Desktop\\dojo brunin 2\\testing\\calculadora\\js\\handlers.js","statementMap":{"0":{"start":{"line":5,"column":17},"end":{"line":5,"column":37}},"1":{"start":{"line":6,"column":21},"end":{"line":6,"column":45}},"2":{"start":{"line":7,"column":2},"end":{"line":11,"column":3}},"3":{"start":{"line":8,"column":4},"end":{"line":8,"column":10}},"4":{"start":{"line":10,"column":4},"end":{"line":10,"column":24}},"5":{"start":{"line":15,"column":17},"end":{"line":15,"column":37}},"6":{"start":{"line":16,"column":16},"end":{"line":16,"column":27}},"7":{"start":{"line":17,"column":2},"end":{"line":21,"column":3}},"8":{"start":{"line":18,"column":4},"end":{"line":18,"column":10}},"9":{"start":{"line":20,"column":4},"end":{"line":20,"column":44}},"10":{"start":{"line":25,"column":17},"end":{"line":25,"column":37}},"11":{"start":{"line":26,"column":2},"end":{"line":31,"column":3}},"12":{"start":{"line":27,"column":4},"end":{"line":27,"column":11}},"13":{"start":{"line":29,"column":7},"end":{"line":31,"column":3}},"14":{"start":{"line":30,"column":4},"end":{"line":30,"column":10}},"15":{"start":{"line":32,"column":2},"end":{"line":32,"column":22}},"16":{"start":{"line":36,"column":2},"end":{"line":43,"column":3}},"17":{"start":{"line":37,"column":36},"end":{"line":37,"column":54}},"18":{"start":{"line":38,"column":36},"end":{"line":38,"column":53}},"19":{"start":{"line":40,"column":4},"end":{"line":40,"column":11}},"20":{"start":{"line":42,"column":4},"end":{"line":42,"column":36}},"21":{"start":{"line":47,"column":2},"end":{"line":51,"column":3}},"22":{"start":{"line":48,"column":4},"end":{"line":48,"column":10}},"23":{"start":{"line":50,"column":4},"end":{"line":50,"column":24}}},"fnMap":{"0":{"name":"numberButtonHandler","decl":{"start":{"line":4,"column":16},"end":{"line":4,"column":35}},"loc":{"start":{"line":4,"column":41},"end":{"line":12,"column":1}},"line":4},"1":{"name":"operationButtonHandler","decl":{"start":{"line":14,"column":16},"end":{"line":14,"column":38}},"loc":{"start":{"line":14,"column":44},"end":{"line":22,"column":1}},"line":14},"2":{"name":"dotButtonHandler","decl":{"start":{"line":24,"column":16},"end":{"line":24,"column":32}},"loc":{"start":{"line":24,"column":38},"end":{"line":33,"column":1}},"line":24},"3":{"name":"checkOperationButtonValue","decl":{"start":{"line":35,"column":16},"end":{"line":35,"column":41}},"loc":{"start":{"line":35,"column":58},"end":{"line":44,"column":1}},"line":35},"4":{"name":"(anonymous_4)","decl":{"start":{"line":37,"column":29},"end":{"line":37,"column":30}},"loc":{"start":{"line":37,"column":36},"end":{"line":37,"column":54}},"line":37},"5":{"name":"(anonymous_5)","decl":{"start":{"line":38,"column":29},"end":{"line":38,"column":30}},"loc":{"start":{"line":38,"column":36},"end":{"line":38,"column":53}},"line":38},"6":{"name":"checkRaizQuadrada","decl":{"start":{"line":46,"column":16},"end":{"line":46,"column":33}},"loc":{"start":{"line":46,"column":50},"end":{"line":52,"column":1}},"line":46}},"branchMap":{"0":{"loc":{"start":{"line":7,"column":2},"end":{"line":11,"column":3}},"type":"if","locations":[{"start":{"line":7,"column":2},"end":{"line":11,"column":3}},{"start":{"line":9,"column":9},"end":{"line":11,"column":3}}],"line":7},"1":{"loc":{"start":{"line":17,"column":2},"end":{"line":21,"column":3}},"type":"if","locations":[{"start":{"line":17,"column":2},"end":{"line":21,"column":3}},{"start":{"line":19,"column":9},"end":{"line":21,"column":3}}],"line":17},"2":{"loc":{"start":{"line":17,"column":6},"end":{"line":17,"column":53}},"type":"binary-expr","locations":[{"start":{"line":17,"column":6},"end":{"line":17,"column":35}},{"start":{"line":17,"column":39},"end":{"line":17,"column":53}}],"line":17},"3":{"loc":{"start":{"line":26,"column":2},"end":{"line":31,"column":3}},"type":"if","locations":[{"start":{"line":26,"column":2},"end":{"line":31,"column":3}},{"start":{"line":29,"column":7},"end":{"line":31,"column":3}}],"line":26},"4":{"loc":{"start":{"line":26,"column":6},"end":{"line":26,"column":49}},"type":"binary-expr","locations":[{"start":{"line":26,"column":6},"end":{"line":26,"column":31}},{"start":{"line":26,"column":35},"end":{"line":26,"column":49}}],"line":26},"5":{"loc":{"start":{"line":29,"column":7},"end":{"line":31,"column":3}},"type":"if","locations":[{"start":{"line":29,"column":7},"end":{"line":31,"column":3}},{"start":{},"end":{}}],"line":29},"6":{"loc":{"start":{"line":29,"column":11},"end":{"line":29,"column":64}},"type":"binary-expr","locations":[{"start":{"line":29,"column":11},"end":{"line":29,"column":46}},{"start":{"line":29,"column":50},"end":{"line":29,"column":64}}],"line":29},"7":{"loc":{"start":{"line":36,"column":2},"end":{"line":43,"column":3}},"type":"if","locations":[{"start":{"line":36,"column":2},"end":{"line":43,"column":3}},{"start":{"line":41,"column":9},"end":{"line":43,"column":3}}],"line":36},"8":{"loc":{"start":{"line":37,"column":4},"end":{"line":38,"column":54}},"type":"binary-expr","locations":[{"start":{"line":37,"column":4},"end":{"line":37,"column":55}},{"start":{"line":38,"column":4},"end":{"line":38,"column":54}}],"line":37},"9":{"loc":{"start":{"line":47,"column":2},"end":{"line":51,"column":3}},"type":"if","locations":[{"start":{"line":47,"column":2},"end":{"line":51,"column":3}},{"start":{"line":49,"column":9},"end":{"line":51,"column":3}}],"line":47},"10":{"loc":{"start":{"line":47,"column":6},"end":{"line":47,"column":53}},"type":"binary-expr","locations":[{"start":{"line":47,"column":6},"end":{"line":47,"column":20}},{"start":{"line":47,"column":24},"end":{"line":47,"column":53}}],"line":47}},"s":{"0":2,"1":2,"2":2,"3":1,"4":1,"5":1,"6":1,"7":1,"8":1,"9":0,"10":2,"11":2,"12":1,"13":1,"14":1,"15":0,"16":1,"17":3,"18":1,"19":1,"20":0,"21":1,"22":1,"23":0},"f":{"0":2,"1":1,"2":2,"3":1,"4":3,"5":1,"6":1},"b":{"0":[1,1],"1":[1,0],"2":[1,1],"3":[1,1],"4":[2,1],"5":[1,0],"6":[1,1],"7":[1,0],"8":[1,1],"9":[1,0],"10":[1,1]},"_coverageSchema":"1a1c01bbd47fc00a2c39e90264f33305004495a9","hash":"51f4098ae0eb948ea995daf2d8a0f6c21fca73b0"}
,"C:\\Users\\PC007\\Desktop\\dojo brunin 2\\testing\\calculadora\\js\\inputs_value.js": {"path":"C:\\Users\\PC007\\Desktop\\dojo brunin 2\\testing\\calculadora\\js\\inputs_value.js","statementMap":{"0":{"start":{"line":1,"column":35},"end":{"line":1,"column":65}},"1":{"start":{"line":2,"column":23},"end":{"line":2,"column":78}}},"fnMap":{},"branchMap":{},"s":{"0":1,"1":1},"f":{},"b":{},"_coverageSchema":"1a1c01bbd47fc00a2c39e90264f33305004495a9","hash":"a2305ac9535fb084abf575be5fab00025e49c16f"}
,"C:\\Users\\PC007\\Desktop\\dojo brunin 2\\testing\\calculadora\\js\\mathFunctions.js": {"path":"C:\\Users\\PC007\\Desktop\\dojo brunin 2\\testing\\calculadora\\js\\mathFunctions.js","statementMap":{"0":{"start":{"line":2,"column":2},"end":{"line":9,"column":3}},"1":{"start":{"line":3,"column":4},"end":{"line":3,"column":29}},"2":{"start":{"line":4,"column":9},"end":{"line":9,"column":3}},"3":{"start":{"line":5,"column":24},"end":{"line":5,"column":40}},"4":{"start":{"line":6,"column":4},"end":{"line":8,"column":5}},"5":{"start":{"line":7,"column":6},"end":{"line":7,"column":54}},"6":{"start":{"line":13,"column":2},"end":{"line":18,"column":3}},"7":{"start":{"line":14,"column":4},"end":{"line":14,"column":29}},"8":{"start":{"line":15,"column":9},"end":{"line":18,"column":3}},"9":{"start":{"line":16,"column":25},"end":{"line":16,"column":47}},"10":{"start":{"line":17,"column":4},"end":{"line":17,"column":35}}},"fnMap":{"0":{"name":"exponenciacao","decl":{"start":{"line":1,"column":16},"end":{"line":1,"column":29}},"loc":{"start":{"line":1,"column":37},"end":{"line":10,"column":1}},"line":1},"1":{"name":"raizQuadrada","decl":{"start":{"line":12,"column":16},"end":{"line":12,"column":28}},"loc":{"start":{"line":12,"column":36},"end":{"line":19,"column":1}},"line":12}},"branchMap":{"0":{"loc":{"start":{"line":2,"column":2},"end":{"line":9,"column":3}},"type":"if","locations":[{"start":{"line":2,"column":2},"end":{"line":9,"column":3}},{"start":{"line":4,"column":9},"end":{"line":9,"column":3}}],"line":2},"1":{"loc":{"start":{"line":2,"column":6},"end":{"line":2,"column":58}},"type":"binary-expr","locations":[{"start":{"line":2,"column":6},"end":{"line":2,"column":25}},{"start":{"line":2,"column":29},"end":{"line":2,"column":58}}],"line":2},"2":{"loc":{"start":{"line":4,"column":9},"end":{"line":9,"column":3}},"type":"if","locations":[{"start":{"line":4,"column":9},"end":{"line":9,"column":3}},{"start":{},"end":{}}],"line":4},"3":{"loc":{"start":{"line":4,"column":13},"end":{"line":4,"column":65}},"type":"binary-expr","locations":[{"start":{"line":4,"column":13},"end":{"line":4,"column":32}},{"start":{"line":4,"column":36},"end":{"line":4,"column":65}}],"line":4},"4":{"loc":{"start":{"line":6,"column":4},"end":{"line":8,"column":5}},"type":"if","locations":[{"start":{"line":6,"column":4},"end":{"line":8,"column":5}},{"start":{},"end":{}}],"line":6},"5":{"loc":{"start":{"line":6,"column":8},"end":{"line":6,"column":40}},"type":"binary-expr","locations":[{"start":{"line":6,"column":8},"end":{"line":6,"column":22}},{"start":{"line":6,"column":26},"end":{"line":6,"column":40}}],"line":6},"6":{"loc":{"start":{"line":13,"column":2},"end":{"line":18,"column":3}},"type":"if","locations":[{"start":{"line":13,"column":2},"end":{"line":18,"column":3}},{"start":{"line":15,"column":9},"end":{"line":18,"column":3}}],"line":13},"7":{"loc":{"start":{"line":13,"column":6},"end":{"line":13,"column":58}},"type":"binary-expr","locations":[{"start":{"line":13,"column":6},"end":{"line":13,"column":25}},{"start":{"line":13,"column":29},"end":{"line":13,"column":58}}],"line":13},"8":{"loc":{"start":{"line":15,"column":9},"end":{"line":18,"column":3}},"type":"if","locations":[{"start":{"line":15,"column":9},"end":{"line":18,"column":3}},{"start":{},"end":{}}],"line":15},"9":{"loc":{"start":{"line":15,"column":13},"end":{"line":15,"column":65}},"type":"binary-expr","locations":[{"start":{"line":15,"column":13},"end":{"line":15,"column":32}},{"start":{"line":15,"column":36},"end":{"line":15,"column":65}}],"line":15}},"s":{"0":3,"1":1,"2":2,"3":2,"4":2,"5":2,"6":2,"7":1,"8":1,"9":1,"10":1},"f":{"0":3,"1":2},"b":{"0":[1,2],"1":[3,3],"2":[2,0],"3":[2,2],"4":[2,0],"5":[2,2],"6":[1,1],"7":[2,2],"8":[1,0],"9":[1,1]},"_coverageSchema":"1a1c01bbd47fc00a2c39e90264f33305004495a9","hash":"2a020e76b6f00de7d80e363c383dc648d1c943d2"}
,"C:\\Users\\PC007\\Desktop\\dojo brunin 2\\testing\\calculadora\\js\\result_screen.js": {"path":"C:\\Users\\PC007\\Desktop\\dojo brunin 2\\testing\\calculadora\\js\\result_screen.js","statementMap":{"0":{"start":{"line":2,"column":2},"end":{"line":2,"column":15}},"1":{"start":{"line":6,"column":2},"end":{"line":6,"column":55}},"2":{"start":{"line":10,"column":2},"end":{"line":10,"column":56}},"3":{"start":{"line":14,"column":2},"end":{"line":14,"column":56}}},"fnMap":{"0":{"name":"screenId","decl":{"start":{"line":1,"column":16},"end":{"line":1,"column":24}},"loc":{"start":{"line":1,"column":27},"end":{"line":3,"column":1}},"line":1},"1":{"name":"getResult","decl":{"start":{"line":5,"column":16},"end":{"line":5,"column":25}},"loc":{"start":{"line":5,"column":28},"end":{"line":7,"column":1}},"line":5},"2":{"name":"appendValue","decl":{"start":{"line":9,"column":16},"end":{"line":9,"column":27}},"loc":{"start":{"line":9,"column":34},"end":{"line":11,"column":1}},"line":9},"3":{"name":"updateResult","decl":{"start":{"line":13,"column":16},"end":{"line":13,"column":28}},"loc":{"start":{"line":13,"column":36},"end":{"line":15,"column":1}},"line":13}},"branchMap":{},"s":{"0":26,"1":16,"2":1,"3":1},"f":{"0":26,"1":16,"2":1,"3":1},"b":{},"_coverageSchema":"1a1c01bbd47fc00a2c39e90264f33305004495a9","hash":"338d9f1182b4595ff86bed5b5803c9a52ca225ab"}
}
