TN:
SF:js\handlers.js
FN:4,numberButtonHandler
FN:14,operationButtonHandler
FN:24,dotButtonHandler
FN:35,checkOperationButtonValue
FN:37,(anonymous_4)
FN:38,(anonymous_5)
FN:46,checkRaizQuadrada
FNF:7
FNH:7
FNDA:2,numberButtonHandler
FNDA:1,operationButtonHandler
FNDA:2,dotButtonHandler
FNDA:1,checkOperationButtonValue
FNDA:3,(anonymous_4)
FNDA:1,(anonymous_5)
FNDA:1,checkRaizQuadrada
DA:5,2
DA:6,2
DA:7,2
DA:8,1
DA:10,1
DA:15,1
DA:16,1
DA:17,1
DA:18,1
DA:20,0
DA:25,2
DA:26,2
DA:27,1
DA:29,1
DA:30,1
DA:32,0
DA:36,1
DA:37,3
DA:38,1
DA:40,1
DA:42,0
DA:47,1
DA:48,1
DA:50,0
LF:24
LH:20
BRDA:7,0,0,1
BRDA:7,0,1,1
BRDA:17,1,0,1
BRDA:17,1,1,0
BRDA:17,2,0,1
BRDA:17,2,1,1
BRDA:26,3,0,1
BRDA:26,3,1,1
BRDA:26,4,0,2
BRDA:26,4,1,1
BRDA:29,5,0,1
BRDA:29,5,1,0
BRDA:29,6,0,1
BRDA:29,6,1,1
BRDA:36,7,0,1
BRDA:36,7,1,0
BRDA:37,8,0,1
BRDA:37,8,1,1
BRDA:47,9,0,1
BRDA:47,9,1,0
BRDA:47,10,0,1
BRDA:47,10,1,1
BRF:22
BRH:18
end_of_record
TN:
SF:js\inputs_value.js
FNF:0
FNH:0
DA:1,1
DA:2,1
LF:2
LH:2
BRF:0
BRH:0
end_of_record
TN:
SF:js\mathFunctions.js
FN:1,exponenciacao
FN:12,raizQuadrada
FNF:2
FNH:2
FNDA:3,exponenciacao
FNDA:2,raizQuadrada
DA:2,3
DA:3,1
DA:4,2
DA:5,2
DA:6,2
DA:7,2
DA:13,2
DA:14,1
DA:15,1
DA:16,1
DA:17,1
LF:11
LH:11
BRDA:2,0,0,1
BRDA:2,0,1,2
BRDA:2,1,0,3
BRDA:2,1,1,3
BRDA:4,2,0,2
BRDA:4,2,1,0
BRDA:4,3,0,2
BRDA:4,3,1,2
BRDA:6,4,0,2
BRDA:6,4,1,0
BRDA:6,5,0,2
BRDA:6,5,1,2
BRDA:13,6,0,1
BRDA:13,6,1,1
BRDA:13,7,0,2
BRDA:13,7,1,2
BRDA:15,8,0,1
BRDA:15,8,1,0
BRDA:15,9,0,1
BRDA:15,9,1,1
BRF:20
BRH:17
end_of_record
TN:
SF:js\result_screen.js
FN:1,screenId
FN:5,getResult
FN:9,appendValue
FN:13,updateResult
FNF:4
FNH:4
FNDA:26,screenId
FNDA:16,getResult
FNDA:1,appendValue
FNDA:1,updateResult
DA:2,26
DA:6,16
DA:10,1
DA:14,1
LF:4
LH:4
BRF:0
BRH:0
end_of_record
